<?xml version="1.0" encoding="UTF-8"?>
<testsuite name="org.generation.FinalProject.FinalProjectApplicationTests" tests="1" skipped="0" failures="0" errors="0" timestamp="2022-03-22T08:43:33" hostname="DESKTOP-6PLOKGB" time="0.134">
  <properties/>
  <testcase name="contextLoads()" classname="org.generation.FinalProject.FinalProjectApplicationTests" time="0.134"/>
  <system-out><![CDATA[16:43:29.759 [Test worker] DEBUG org.springframework.test.context.BootstrapUtils - Instantiating CacheAwareContextLoaderDelegate from class [org.springframework.test.context.cache.DefaultCacheAwareContextLoaderDelegate]
16:43:29.768 [Test worker] DEBUG org.springframework.test.context.BootstrapUtils - Instantiating BootstrapContext using constructor [public org.springframework.test.context.support.DefaultBootstrapContext(java.lang.Class,org.springframework.test.context.CacheAwareContextLoaderDelegate)]
16:43:29.794 [Test worker] DEBUG org.springframework.test.context.BootstrapUtils - Instantiating TestContextBootstrapper for test class [org.generation.FinalProject.FinalProjectApplicationTests] from class [org.springframework.boot.test.context.SpringBootTestContextBootstrapper]
16:43:29.803 [Test worker] INFO org.springframework.boot.test.context.SpringBootTestContextBootstrapper - Neither @ContextConfiguration nor @ContextHierarchy found for test class [org.generation.FinalProject.FinalProjectApplicationTests], using SpringBootContextLoader
16:43:29.806 [Test worker] DEBUG org.springframework.test.context.support.AbstractContextLoader - Did not detect default resource location for test class [org.generation.FinalProject.FinalProjectApplicationTests]: class path resource [org/generation/FinalProject/FinalProjectApplicationTests-context.xml] does not exist
16:43:29.807 [Test worker] DEBUG org.springframework.test.context.support.AbstractContextLoader - Did not detect default resource location for test class [org.generation.FinalProject.FinalProjectApplicationTests]: class path resource [org/generation/FinalProject/FinalProjectApplicationTestsContext.groovy] does not exist
16:43:29.807 [Test worker] INFO org.springframework.test.context.support.AbstractContextLoader - Could not detect default resource locations for test class [org.generation.FinalProject.FinalProjectApplicationTests]: no resource found for suffixes {-context.xml, Context.groovy}.
16:43:29.807 [Test worker] INFO org.springframework.test.context.support.AnnotationConfigContextLoaderUtils - Could not detect default configuration classes for test class [org.generation.FinalProject.FinalProjectApplicationTests]: FinalProjectApplicationTests does not declare any static, non-private, non-final, nested classes annotated with @Configuration.
16:43:29.840 [Test worker] DEBUG org.springframework.test.context.support.ActiveProfilesUtils - Could not find an 'annotation declaring class' for annotation type [org.springframework.test.context.ActiveProfiles] and class [org.generation.FinalProject.FinalProjectApplicationTests]
16:43:29.885 [Test worker] DEBUG org.springframework.context.annotation.ClassPathScanningCandidateComponentProvider - Identified candidate component class: file [C:\Users\Rick\Desktop\FinalProject\build\classes\java\main\org\generation\FinalProject\FinalProjectApplication.class]
16:43:29.886 [Test worker] INFO org.springframework.boot.test.context.SpringBootTestContextBootstrapper - Found @SpringBootConfiguration org.generation.FinalProject.FinalProjectApplication for test class org.generation.FinalProject.FinalProjectApplicationTests
16:43:29.963 [Test worker] DEBUG org.springframework.boot.test.context.SpringBootTestContextBootstrapper - @TestExecutionListeners is not present for class [org.generation.FinalProject.FinalProjectApplicationTests]: using defaults.
16:43:29.963 [Test worker] INFO org.springframework.boot.test.context.SpringBootTestContextBootstrapper - Loaded default TestExecutionListener class names from location [META-INF/spring.factories]: [org.springframework.boot.test.autoconfigure.restdocs.RestDocsTestExecutionListener, org.springframework.boot.test.autoconfigure.web.client.MockRestServiceServerResetTestExecutionListener, org.springframework.boot.test.autoconfigure.web.servlet.MockMvcPrintOnlyOnFailureTestExecutionListener, org.springframework.boot.test.autoconfigure.web.servlet.WebDriverTestExecutionListener, org.springframework.boot.test.autoconfigure.webservices.client.MockWebServiceServerTestExecutionListener, org.springframework.boot.test.mock.mockito.MockitoTestExecutionListener, org.springframework.boot.test.mock.mockito.ResetMocksTestExecutionListener, org.springframework.test.context.web.ServletTestExecutionListener, org.springframework.test.context.support.DirtiesContextBeforeModesTestExecutionListener, org.springframework.test.context.event.ApplicationEventsTestExecutionListener, org.springframework.test.context.support.DependencyInjectionTestExecutionListener, org.springframework.test.context.support.DirtiesContextTestExecutionListener, org.springframework.test.context.transaction.TransactionalTestExecutionListener, org.springframework.test.context.jdbc.SqlScriptsTestExecutionListener, org.springframework.test.context.event.EventPublishingTestExecutionListener]
16:43:29.977 [Test worker] INFO org.springframework.boot.test.context.SpringBootTestContextBootstrapper - Using TestExecutionListeners: [org.springframework.test.context.web.ServletTestExecutionListener@6722db6e, org.springframework.test.context.support.DirtiesContextBeforeModesTestExecutionListener@18f20260, org.springframework.test.context.event.ApplicationEventsTestExecutionListener@4ae33a11, org.springframework.boot.test.mock.mockito.MockitoTestExecutionListener@7a48e6e2, org.springframework.boot.test.autoconfigure.SpringBootDependencyInjectionTestExecutionListener@b40bb6e, org.springframework.test.context.support.DirtiesContextTestExecutionListener@3a94964, org.springframework.test.context.transaction.TransactionalTestExecutionListener@5049d8b2, org.springframework.test.context.jdbc.SqlScriptsTestExecutionListener@6d0b5baf, org.springframework.test.context.event.EventPublishingTestExecutionListener@631e06ab, org.springframework.boot.test.autoconfigure.restdocs.RestDocsTestExecutionListener@2a3591c5, org.springframework.boot.test.autoconfigure.web.client.MockRestServiceServerResetTestExecutionListener@34a75079, org.springframework.boot.test.autoconfigure.web.servlet.MockMvcPrintOnlyOnFailureTestExecutionListener@346a361, org.springframework.boot.test.autoconfigure.web.servlet.WebDriverTestExecutionListener@107ed6fc, org.springframework.boot.test.autoconfigure.webservices.client.MockWebServiceServerTestExecutionListener@1643d68f, org.springframework.boot.test.mock.mockito.ResetMocksTestExecutionListener@186978a6]
16:43:29.980 [Test worker] DEBUG org.springframework.test.context.support.AbstractDirtiesContextTestExecutionListener - Before test class: context [DefaultTestContext@7813cb11 testClass = FinalProjectApplicationTests, testInstance = [null], testMethod = [null], testException = [null], mergedContextConfiguration = [WebMergedContextConfiguration@bcec031 testClass = FinalProjectApplicationTests, locations = '{}', classes = '{class org.generation.FinalProject.FinalProjectApplication}', contextInitializerClasses = '[]', activeProfiles = '{}', propertySourceLocations = '{}', propertySourceProperties = '{org.springframework.boot.test.context.SpringBootTestContextBootstrapper=true}', contextCustomizers = set[org.springframework.boot.test.autoconfigure.actuate.metrics.MetricsExportContextCustomizerFactory$DisableMetricExportContextCustomizer@676cf48, org.springframework.boot.test.autoconfigure.properties.PropertyMappingContextCustomizer@0, org.springframework.boot.test.autoconfigure.web.servlet.WebDriverContextCustomizerFactory$Customizer@48e92c5c, org.springframework.boot.test.context.filter.ExcludeFilterContextCustomizer@34f22f9d, org.springframework.boot.test.json.DuplicateJsonObjectContextCustomizerFactory$DuplicateJsonObjectContextCustomizer@6e4566f1, org.springframework.boot.test.mock.mockito.MockitoContextCustomizer@0, org.springframework.boot.test.web.client.TestRestTemplateContextCustomizer@7803bfd, org.springframework.boot.test.context.SpringBootTestArgs@1, org.springframework.boot.test.context.SpringBootTestWebEnvironment@6d3a388c], resourceBasePath = 'src/main/webapp', contextLoader = 'org.springframework.boot.test.context.SpringBootContextLoader', parent = [null]], attributes = map['org.springframework.test.context.web.ServletTestExecutionListener.activateListener' -> true]], class annotated with @DirtiesContext [false] with mode [null].

  .   ____          _            __ _ _
 /\\ / ___'_ __ _ _(_)_ __  __ _ \ \ \ \
( ( )\___ | '_ | '_| | '_ \/ _` | \ \ \ \
 \\/  ___)| |_)| | | | | || (_| |  ) ) ) )
  '  |____| .__|_| |_|_| |_\__, | / / / /
 =========|_|==============|___/=/_/_/_/
 :: Spring Boot ::                (v2.6.4)

2022-03-22 16:43:30.221  INFO 16944 --- [    Test worker] o.g.F.FinalProjectApplicationTests       : Starting FinalProjectApplicationTests using Java 17.0.2 on DESKTOP-6PLOKGB with PID 16944 (started by Rick in C:\Users\Rick\Desktop\FinalProject)
2022-03-22 16:43:30.222  INFO 16944 --- [    Test worker] o.g.F.FinalProjectApplicationTests       : No active profile set, falling back to 1 default profile: "default"
2022-03-22 16:43:30.763  INFO 16944 --- [    Test worker] .s.d.r.c.RepositoryConfigurationDelegate : Bootstrapping Spring Data JPA repositories in DEFAULT mode.
2022-03-22 16:43:30.817  INFO 16944 --- [    Test worker] .s.d.r.c.RepositoryConfigurationDelegate : Finished Spring Data repository scanning in 46 ms. Found 3 JPA repository interfaces.
2022-03-22 16:43:31.255  INFO 16944 --- [    Test worker] com.zaxxer.hikari.HikariDataSource       : HikariPool-1 - Starting...
2022-03-22 16:43:31.502  INFO 16944 --- [    Test worker] com.zaxxer.hikari.HikariDataSource       : HikariPool-1 - Start completed.
2022-03-22 16:43:31.562  INFO 16944 --- [    Test worker] o.hibernate.jpa.internal.util.LogHelper  : HHH000204: Processing PersistenceUnitInfo [name: default]
2022-03-22 16:43:31.605  INFO 16944 --- [    Test worker] org.hibernate.Version                    : HHH000412: Hibernate ORM core version 5.6.5.Final
2022-03-22 16:43:31.774  INFO 16944 --- [    Test worker] o.hibernate.annotations.common.Version   : HCANN000001: Hibernate Commons Annotations {5.1.2.Final}
2022-03-22 16:43:31.904  INFO 16944 --- [    Test worker] org.hibernate.dialect.Dialect            : HHH000400: Using dialect: org.hibernate.dialect.MySQL8Dialect
2022-03-22 16:43:32.399  INFO 16944 --- [    Test worker] o.h.e.t.j.p.i.JtaPlatformInitiator       : HHH000490: Using JtaPlatform implementation: [org.hibernate.engine.transaction.jta.platform.internal.NoJtaPlatform]
2022-03-22 16:43:32.407  INFO 16944 --- [    Test worker] j.LocalContainerEntityManagerFactoryBean : Initialized JPA EntityManagerFactory for persistence unit 'default'
2022-03-22 16:43:32.864  WARN 16944 --- [    Test worker] JpaBaseConfiguration$JpaWebConfiguration : spring.jpa.open-in-view is enabled by default. Therefore, database queries may be performed during view rendering. Explicitly configure spring.jpa.open-in-view to disable this warning
2022-03-22 16:43:33.075  INFO 16944 --- [    Test worker] o.s.s.web.DefaultSecurityFilterChain     : Will not secure any request
2022-03-22 16:43:33.734  INFO 16944 --- [    Test worker] o.g.F.FinalProjectApplicationTests       : Started FinalProjectApplicationTests in 3.726 seconds (JVM running for 4.603)
]]></system-out>
  <system-err><![CDATA[]]></system-err>
</testsuite>
